Build started 2016/03/10 13:11:34.
     1>Project "F:\WorkPlace\VS WorkPlace\GitHub上传\OpenGL_projects\FLSM_test\FSM_Test\FSM_Test\FSM_Test.vcxproj" on node 2 (Build target(s)).
     1>ClCompile:
         C:\Program Files (x86)\Microsoft Visual Studio 11.0\VC\bin\CL.exe /c /ZI /nologo /W3 /WX- /Od /Oy- /D _MBCS /Gm /EHsc /RTC1 /MDd /GS /fp:precise /Zc:wchar_t /Zc:forScope /Fo"Debug\\" /Fd"Debug\vc110.pdb" /Gd /TP /analyze- /errorReport:prompt Particle.h Summation.cpp Summation.h
         Summation.h
     1>f:\workplace\vs workplace\common\shared\inc\rx_matrix.h(1922): warning C4244: 'initializing' : conversion from 'double' to 'float', possible loss of data
     1>f:\workplace\vs workplace\common\shared\inc\rx_matrix.h(1923): warning C4244: 'initializing' : conversion from 'double' to 'float', possible loss of data
     1>f:\workplace\vs workplace\common\shared\inc\rx_matrix.h(1925): warning C4244: 'initializing' : conversion from 'double' to 'float', possible loss of data
     1>f:\workplace\vs workplace\common\shared\inc\rx_matrix.h(1934): warning C4244: 'initializing' : conversion from 'double' to 'float', possible loss of data
     1>f:\workplace\vs workplace\common\shared\inc\rx_matrix.h(1935): warning C4244: 'initializing' : conversion from 'double' to 'float', possible loss of data
     1>f:\workplace\vs workplace\common\shared\inc\rx_matrix.h(1942): warning C4244: 'initializing' : conversion from 'double' to 'float', possible loss of data
     1>f:\workplace\vs workplace\common\shared\inc\rx_matrix.h(1943): warning C4244: 'initializing' : conversion from 'double' to 'float', possible loss of data
     1>f:\workplace\vs workplace\common\shared\inc\rx_matrix.h(1964): warning C4244: '=' : conversion from 'double' to 'float', possible loss of data
     1>f:\workplace\vs workplace\common\shared\inc\rx_matrix.h(1989): warning C4244: '=' : conversion from 'double' to 'float', possible loss of data
     1>f:\workplace\vs workplace\common\shared\inc\rx_matrix.h(1990): warning C4244: '=' : conversion from 'double' to 'float', possible loss of data
         Summation.cpp
     1>f:\workplace\vs workplace\common\shared\inc\rx_matrix.h(1922): warning C4244: 'initializing' : conversion from 'double' to 'float', possible loss of data
     1>f:\workplace\vs workplace\common\shared\inc\rx_matrix.h(1923): warning C4244: 'initializing' : conversion from 'double' to 'float', possible loss of data
     1>f:\workplace\vs workplace\common\shared\inc\rx_matrix.h(1925): warning C4244: 'initializing' : conversion from 'double' to 'float', possible loss of data
     1>f:\workplace\vs workplace\common\shared\inc\rx_matrix.h(1934): warning C4244: 'initializing' : conversion from 'double' to 'float', possible loss of data
     1>f:\workplace\vs workplace\common\shared\inc\rx_matrix.h(1935): warning C4244: 'initializing' : conversion from 'double' to 'float', possible loss of data
     1>f:\workplace\vs workplace\common\shared\inc\rx_matrix.h(1942): warning C4244: 'initializing' : conversion from 'double' to 'float', possible loss of data
     1>f:\workplace\vs workplace\common\shared\inc\rx_matrix.h(1943): warning C4244: 'initializing' : conversion from 'double' to 'float', possible loss of data
     1>f:\workplace\vs workplace\common\shared\inc\rx_matrix.h(1964): warning C4244: '=' : conversion from 'double' to 'float', possible loss of data
     1>f:\workplace\vs workplace\common\shared\inc\rx_matrix.h(1989): warning C4244: '=' : conversion from 'double' to 'float', possible loss of data
     1>f:\workplace\vs workplace\common\shared\inc\rx_matrix.h(1990): warning C4244: '=' : conversion from 'double' to 'float', possible loss of data
     1>f:\workplace\vs workplace\github上传\opengl_projects\flsm_test\fsm_test\fsm_test\summation.h(16): error C2011: 'Summation' : 'class' type redefinition
                 f:\workplace\vs workplace\github上传\opengl_projects\flsm_test\fsm_test\fsm_test\summation.h(16) : see declaration of 'Summation'
     1>f:\workplace\vs workplace\github上传\opengl_projects\flsm_test\fsm_test\fsm_test\particle.h(6): error C2504: 'Summation' : base class undefined
     1>f:\workplace\vs workplace\github上传\opengl_projects\flsm_test\fsm_test\fsm_test\particle.h(18): error C2065: 'LatticeLocation' : undeclared identifier
     1>f:\workplace\vs workplace\github上传\opengl_projects\flsm_test\fsm_test\fsm_test\particle.h(18): error C2059: syntax error : '>'
     1>f:\workplace\vs workplace\github上传\opengl_projects\flsm_test\fsm_test\fsm_test\particle.h(22): error C2143: syntax error : missing ';' before '}'
     1>f:\workplace\vs workplace\github上传\opengl_projects\flsm_test\fsm_test\fsm_test\summation.cpp(6): error C2027: use of undefined type 'Summation'
                 f:\workplace\vs workplace\github上传\opengl_projects\flsm_test\fsm_test\fsm_test\summation.h(16) : see declaration of 'Summation'
     1>f:\workplace\vs workplace\github上传\opengl_projects\flsm_test\fsm_test\fsm_test\summation.cpp(7): error C2143: syntax error : missing ';' before '{'
     1>f:\workplace\vs workplace\github上传\opengl_projects\flsm_test\fsm_test\fsm_test\summation.cpp(13): error C2065: 'minDim' : undeclared identifier
     1>f:\workplace\vs workplace\github上传\opengl_projects\flsm_test\fsm_test\fsm_test\summation.cpp(13): error C2065: 'maxDim' : undeclared identifier
     1>f:\workplace\vs workplace\github上传\opengl_projects\flsm_test\fsm_test\fsm_test\summation.cpp(13): error C2143: syntax error : missing ',' before ')'
     1>f:\workplace\vs workplace\github上传\opengl_projects\flsm_test\fsm_test\fsm_test\summation.cpp(19): error C2143: syntax error : missing ')' before ';'
     1>f:\workplace\vs workplace\github上传\opengl_projects\flsm_test\fsm_test\fsm_test\summation.cpp(19): error C2059: syntax error : ')'
     1>f:\workplace\vs workplace\github上传\opengl_projects\flsm_test\fsm_test\fsm_test\summation.cpp(20): error C2143: syntax error : missing ';' before '{'
     1>f:\workplace\vs workplace\github上传\opengl_projects\flsm_test\fsm_test\fsm_test\summation.cpp(22): error C2143: syntax error : missing ';' before '}'
     1>f:\workplace\vs workplace\github上传\opengl_projects\flsm_test\fsm_test\fsm_test\summation.cpp(25): error C2143: syntax error : missing ')' before ';'
     1>f:\workplace\vs workplace\github上传\opengl_projects\flsm_test\fsm_test\fsm_test\summation.cpp(25): error C2059: syntax error : ')'
     1>f:\workplace\vs workplace\github上传\opengl_projects\flsm_test\fsm_test\fsm_test\summation.cpp(26): error C2143: syntax error : missing ';' before '{'
     1>f:\workplace\vs workplace\github上传\opengl_projects\flsm_test\fsm_test\fsm_test\summation.cpp(29): error C2143: syntax error : missing ';' before '}'
     1>f:\workplace\vs workplace\github上传\opengl_projects\flsm_test\fsm_test\fsm_test\summation.cpp(32): error C2143: syntax error : missing ')' before ';'
     1>f:\workplace\vs workplace\github上传\opengl_projects\flsm_test\fsm_test\fsm_test\summation.cpp(32): error C2059: syntax error : ')'
     1>f:\workplace\vs workplace\github上传\opengl_projects\flsm_test\fsm_test\fsm_test\summation.cpp(33): error C2143: syntax error : missing ';' before '{'
     1>f:\workplace\vs workplace\github上传\opengl_projects\flsm_test\fsm_test\fsm_test\summation.cpp(37): error C2143: syntax error : missing ';' before '{'
     1>f:\workplace\vs workplace\github上传\opengl_projects\flsm_test\fsm_test\fsm_test\summation.cpp(39): error C2143: syntax error : missing ';' before '}'
     1>f:\workplace\vs workplace\github上传\opengl_projects\flsm_test\fsm_test\fsm_test\summation.cpp(40): error C2143: syntax error : missing ';' before '{'
     1>f:\workplace\vs workplace\github上传\opengl_projects\flsm_test\fsm_test\fsm_test\summation.cpp(41): error C2065: 'child' : undeclared identifier
     1>f:\workplace\vs workplace\github上传\opengl_projects\flsm_test\fsm_test\fsm_test\summation.cpp(41): error C2227: left of '->particles' must point to class/struct/union/generic type
                 type is ''unknown-type''
     1>f:\workplace\vs workplace\github上传\opengl_projects\flsm_test\fsm_test\fsm_test\summation.cpp(41): error C2228: left of '.end' must have class/struct/union
     1>f:\workplace\vs workplace\github上传\opengl_projects\flsm_test\fsm_test\fsm_test\summation.cpp(41): error C2143: syntax error : missing ',' before ')'
     1>f:\workplace\vs workplace\github上传\opengl_projects\flsm_test\fsm_test\fsm_test\summation.cpp(42): error C2143: syntax error : missing ';' before '}'
     1>f:\workplace\vs workplace\github上传\opengl_projects\flsm_test\fsm_test\fsm_test\summation.cpp(43): error C2143: syntax error : missing ';' before '}'
     1>f:\workplace\vs workplace\github上传\opengl_projects\flsm_test\fsm_test\fsm_test\summation.cpp(44): error C2143: syntax error : missing ';' before '}'
     1>f:\workplace\vs workplace\github上传\opengl_projects\flsm_test\fsm_test\fsm_test\summation.cpp(46): error C2027: use of undefined type 'Summation'
                 f:\workplace\vs workplace\github上传\opengl_projects\flsm_test\fsm_test\fsm_test\summation.h(16) : see declaration of 'Summation'
     1>f:\workplace\vs workplace\github上传\opengl_projects\flsm_test\fsm_test\fsm_test\summation.cpp(47): error C2143: syntax error : missing ';' before '{'
     1>f:\workplace\vs workplace\github上传\opengl_projects\flsm_test\fsm_test\fsm_test\summation.cpp(50): error C2143: syntax error : missing ';' before '{'
     1>f:\workplace\vs workplace\github上传\opengl_projects\flsm_test\fsm_test\fsm_test\summation.cpp(52): error C2143: syntax error : missing ';' before '}'
     1>f:\workplace\vs workplace\github上传\opengl_projects\flsm_test\fsm_test\fsm_test\summation.cpp(54): error C2143: syntax error : missing ';' before '{'
     1>f:\workplace\vs workplace\github上传\opengl_projects\flsm_test\fsm_test\fsm_test\summation.cpp(56): error C2143: syntax error : missing ';' before '}'
     1>f:\workplace\vs workplace\github上传\opengl_projects\flsm_test\fsm_test\fsm_test\summation.cpp(57): error C2143: syntax error : missing ';' before '}'
     1>f:\workplace\vs workplace\github上传\opengl_projects\flsm_test\fsm_test\fsm_test\summation.cpp(58): error C2143: syntax error : missing ';' before '}'
     1>f:\workplace\vs workplace\github上传\opengl_projects\flsm_test\fsm_test\fsm_test\summation.cpp(59): error C2143: syntax error : missing ';' before '}'
     1>f:\workplace\vs workplace\github上传\opengl_projects\flsm_test\fsm_test\fsm_test\summation.cpp(59): fatal error C1004: unexpected end-of-file found
         Particle.h
     1>f:\workplace\vs workplace\common\shared\inc\rx_matrix.h(1922): warning C4244: 'initializing' : conversion from 'double' to 'float', possible loss of data
     1>f:\workplace\vs workplace\common\shared\inc\rx_matrix.h(1923): warning C4244: 'initializing' : conversion from 'double' to 'float', possible loss of data
     1>f:\workplace\vs workplace\common\shared\inc\rx_matrix.h(1925): warning C4244: 'initializing' : conversion from 'double' to 'float', possible loss of data
     1>f:\workplace\vs workplace\common\shared\inc\rx_matrix.h(1934): warning C4244: 'initializing' : conversion from 'double' to 'float', possible loss of data
     1>f:\workplace\vs workplace\common\shared\inc\rx_matrix.h(1935): warning C4244: 'initializing' : conversion from 'double' to 'float', possible loss of data
     1>f:\workplace\vs workplace\common\shared\inc\rx_matrix.h(1942): warning C4244: 'initializing' : conversion from 'double' to 'float', possible loss of data
     1>f:\workplace\vs workplace\common\shared\inc\rx_matrix.h(1943): warning C4244: 'initializing' : conversion from 'double' to 'float', possible loss of data
     1>f:\workplace\vs workplace\common\shared\inc\rx_matrix.h(1964): warning C4244: '=' : conversion from 'double' to 'float', possible loss of data
     1>f:\workplace\vs workplace\common\shared\inc\rx_matrix.h(1989): warning C4244: '=' : conversion from 'double' to 'float', possible loss of data
     1>f:\workplace\vs workplace\common\shared\inc\rx_matrix.h(1990): warning C4244: '=' : conversion from 'double' to 'float', possible loss of data
     1>f:\workplace\vs workplace\github上传\opengl_projects\flsm_test\fsm_test\fsm_test\particle.h(18): error C2065: 'LatticeLocation' : undeclared identifier
     1>f:\workplace\vs workplace\github上传\opengl_projects\flsm_test\fsm_test\fsm_test\particle.h(18): error C2059: syntax error : '>'
     1>f:\workplace\vs workplace\github上传\opengl_projects\flsm_test\fsm_test\fsm_test\particle.h(22): error C2143: syntax error : missing ';' before '}'
     1>f:\workplace\vs workplace\github上传\opengl_projects\flsm_test\fsm_test\fsm_test\particle.h(23): error C2143: syntax error : missing ';' before '}'
     1>f:\workplace\vs workplace\github上传\opengl_projects\flsm_test\fsm_test\fsm_test\particle.h(23): fatal error C1004: unexpected end-of-file found
         Generating Code...
     1>Done Building Project "F:\WorkPlace\VS WorkPlace\GitHub上传\OpenGL_projects\FLSM_test\FSM_Test\FSM_Test\FSM_Test.vcxproj" (Build target(s)) -- FAILED.

Build FAILED.

Time Elapsed 00:00:01.31
